a
e
i
n
p
r
aa
ae
ai
an
ap
ar
ea
ee
en
ep
er
ia
ie
ii
in
ir
na
ne
ni
np
nr
pa
pe
pi
pp
pr
ra
re
rn
aaa
aer
ain
air
ana
ane
ani
ann
apa
ape
app
apr
ara
are
arn
arr
ean
ear
een
eer
eir
epa
epi
era
ere
ern
err
ian
iii
inn
ipr
ira
ire
naa
nae
nan
nap
nar
nea
nee
nei
nep
nip
pan
pap
par
pea
pee
pen
pep
per
pia
pie
pin
pip
pir
ppa
ppi
ppr
pre
prn
prp
rai
ran
rap
rea
ree
rei
ren
rep
ria
rie
rin
rip
aani
aine
aira
aire
airn
anan
anna
anne
anni
anre
apar
aper
apii
arar
area
aren
aria
arna
arne
arni
arri
earn
eire
epee
erer
eria
erie
erin
erne
iare
ieee
inia
inne
iran
irpe
nain
nair
nana
nane
napa
nape
nare
narr
neap
near
neep
neer
nein
nene
nepa
nere
neri
nina
nine
nipa
paar
pain
paip
pair
pane
pani
papa
pape
para
pare
pari
parr
peai
pean
pear
peen
peep
peer
pein
pere
peri
pern
perp
pian
pien
pier
pina
pine
pipa
pipe
pipi
pirn
pirr
pree
prep
pria
prie
prin
raia
rain
rana
rane
rani
rann
rape
rara
rare
reap
rear
reen
rein
renn
repp
repr
rier
rine
ripa
ripe
pine
aerie
ainee
airan
airer
anana
anear
annie
apair
apian
apiin
apina
apnea
appar
arain
arara
areae
arean
arear
arena
arere
arian
arnee
arpen
arrie
eerie
ennia
enpia
eppie
erian
ernie
ierne
inane
ineri
inner
irani
irena
irene
irian
naira
nappa
nappe
naren
narra
neper
niepa
paean
paine
panna
panne
paper
pappi
paren
parer
parra
peine
penna
penni
perai
piner
pinna
piper
pipra
prana
preen
prepn
prier
prine
raiae
ranee
raper
rappe
rarer
reina
renin
renne
repen
repin
reran
reree
ripen
riper
aeaean
aenean
aerier
airier
anepia
aparai
aperea
apinae
appair
appear
appere
araire
aranea
arenae
ariana
arrear
earner
earnie
eerier
eirene
enaena
epeira
inaner
nannie
nanpie
napaea
napier
napper
nappie
narine
nearer
neiper
nerine
nipper
paepae
pairer
panier
panini
panner
papain
papane
papern
papier
pappea
parian
parine
parpen
peeper
peerie
penaea
pennae
penner
pennia
pepper
peppin
perean
pereia
perine
pernea
perrie
piepan
pierre
pinene
pinier
pinnae
pinner
pipier
pipiri
pippen
pipper
pippin
pirana
pirene
pirner
pirnie
pirrie
priapi
raanan
rainer
ranere
ranina
ranine
rapier
rapine
rappee
rappen
rapper
reaper
rearer
rearii
reearn
reeper
reiner
renner
rennin
repair
repine
repipe
rinner
ripier
ripper
riprap
